<?xml version="1.0" encoding="UTF-8"?>
<!-- Generated by org.testng.reporters.JUnitReportReporter -->
<testsuite hostname="DESKTOP-DDRI95J" failures="0" tests="2" name="com.bookswagon.qa.testcases.SignInPageTest" time="61.033" errors="0" timestamp="2024-03-12T14:22:33 IST" skipped="0">
  <testcase classname="com.bookswagon.qa.testcases.SignInPageTest" name="SignInMultipleTest" time="27.857"/>
  <system-out/>
  <testcase classname="com.bookswagon.qa.testcases.SignInPageTest" name="SignInTest" time="33.176"/>
  <system-out/>
</testsuite> <!-- com.bookswagon.qa.testcases.SignInPageTest -->
